<?xml version="1.0" encoding="UTF-8"?>
<testng-results ignored="0" total="2" passed="2" failed="0" skipped="0">
  <reporter-output>
  </reporter-output>
  <suite started-at="2024-07-29T02:19:43 IST" name="Default suite" finished-at="2024-07-29T02:19:46 IST" duration-ms="3813">
    <groups>
      <group name="cucumber">
        <method signature="AbstractTestNGCucumberTests.runScenario(io.cucumber.testng.PickleWrapper,io.cucumber.testng.FeatureWrapper)[pri:0, instance:runners.NegativeFlowRunner@4b520ea8]" name="runScenario" class="io.cucumber.testng.AbstractTestNGCucumberTests"/>
      </group> <!-- cucumber -->
    </groups>
    <test started-at="2024-07-29T02:19:43 IST" name="Default test" finished-at="2024-07-29T02:19:46 IST" duration-ms="3813">
      <class name="runners.NegativeFlowRunner">
        <test-method is-config="true" signature="setUpClass(org.testng.ITestContext)[pri:0, instance:runners.NegativeFlowRunner@4b520ea8]" started-at="2024-07-29T02:19:43 IST" name="setUpClass" finished-at="2024-07-29T02:19:43 IST" duration-ms="339" status="PASS">
          <params>
            <param index="0">
              <value>
                <![CDATA[org.testng.TestRunner@2f0ccb34]]>
              </value>
            </param>
          </params>
          <reporter-output>
          </reporter-output>
        </test-method> <!-- setUpClass -->
        <test-method is-config="true" signature="setUPClass()[pri:0, instance:runners.NegativeFlowRunner@4b520ea8]" started-at="2024-07-29T02:19:43 IST" name="setUPClass" finished-at="2024-07-29T02:19:43 IST" duration-ms="0" status="PASS">
          <reporter-output>
          </reporter-output>
        </test-method> <!-- setUPClass -->
        <test-method signature="runCucumberTests()[pri:0, instance:runners.NegativeFlowRunner@4b520ea8]" started-at="2024-07-29T02:19:43 IST" name="runCucumberTests" finished-at="2024-07-29T02:19:43 IST" duration-ms="395" status="PASS">
          <reporter-output>
          </reporter-output>
        </test-method> <!-- runCucumberTests -->
        <test-method is-config="true" signature="tearDown()[pri:0, instance:runners.NegativeFlowRunner@4b520ea8]" started-at="2024-07-29T02:19:43 IST" name="tearDown" finished-at="2024-07-29T02:19:43 IST" duration-ms="0" status="PASS">
          <reporter-output>
          </reporter-output>
        </test-method> <!-- tearDown -->
        <test-method signature="runScenario(io.cucumber.testng.PickleWrapper,io.cucumber.testng.FeatureWrapper)[pri:0, instance:runners.NegativeFlowRunner@4b520ea8]" started-at="2024-07-29T02:19:43 IST" name="runScenario" description="Runs Cucumber Scenarios" data-provider="scenarios" finished-at="2024-07-29T02:19:46 IST" duration-ms="2886" status="PASS">
          <params>
            <param index="0">
              <value>
                <![CDATA["This will test a negative login flow and perform some actions"]]>
              </value>
            </param>
            <param index="1">
              <value>
                <![CDATA["This is my Negative test journey feature file"]]>
              </value>
            </param>
          </params>
          <reporter-output>
          </reporter-output>
        </test-method> <!-- runScenario -->
        <test-method is-config="true" signature="tearDown()[pri:0, instance:runners.NegativeFlowRunner@4b520ea8]" started-at="2024-07-29T02:19:46 IST" name="tearDown" finished-at="2024-07-29T02:19:46 IST" duration-ms="141" status="PASS">
          <reporter-output>
          </reporter-output>
        </test-method> <!-- tearDown -->
        <test-method is-config="true" signature="tearDownClass()[pri:0, instance:runners.NegativeFlowRunner@4b520ea8]" started-at="2024-07-29T02:19:46 IST" name="tearDownClass" finished-at="2024-07-29T02:19:46 IST" duration-ms="14" status="PASS">
          <reporter-output>
          </reporter-output>
        </test-method> <!-- tearDownClass -->
      </class> <!-- runners.NegativeFlowRunner -->
    </test> <!-- Default test -->
  </suite> <!-- Default suite -->
</testng-results>
